<?xml version="1.0" encoding="UTF-8"?>
<!-- Generated by org.testng.reporters.JUnitXMLReporter -->
<testsuite ignored="0" hostname="DESKTOP-4VU4J8H" failures="1" tests="12" name="Test" time="17.565" errors="0" timestamp="2021-07-27T15:58:07 IST">
  <testcase classname="A1.TestA1" name="First" time="8.085"/>
  <testcase classname="A1.TestA2" name="Second" time="9.413"/>
  <testcase classname="Listeners.IAnnotationTransformerWithExample" name="TestAT" time="0.001"/>
  <testcase classname="Listeners.IAnnotationTransformerWithExample" name="TestAT" time="0.001"/>
  <testcase classname="Listeners.ItestListenerWithExample" name="testMethod1" time="0.003"/>
  <testcase classname="Listeners.ItestListenerWithExample" name="testMethod2" time="0.002">
    <failure type="java.lang.AssertionError" message="expected [11] but found [10]">
      <![CDATA[java.lang.AssertionError: expected [11] but found [10]
at Listeners.ItestListenerWithExample.testMethod2(ItestListenerWithExample.java:23)
at java.base/java.util.ArrayList.forEach(ArrayList.java:1511)
... Removed 33 stack frames]]>
    </failure>
  </testcase> <!-- testMethod2 -->
  <testcase classname="Listeners.ItestListenerWithExample" name="testMethod3" time="0.001">
    <skipped/>
  </testcase> <!-- testMethod3 -->
  <testcase classname="Listeners.ItestListenerWithExample" name="testMethod4" time="0.001"/>
  <testcase classname="Listeners.ItestListenerWithExample" name="testMethod4" time="0.002"/>
  <testcase classname="Listeners.ItestListenerWithExample" name="testMethod4" time="0.001"/>
  <testcase classname="Listeners.ItestListenerWithExample" name="testMethod4" time="0.001"/>
  <testcase classname="Listeners.ItestListenerWithExample" name="testMethod4" time="0.001"/>
</testsuite> <!-- Test -->
